本査定対象URLなし（GASがO列にlisting URLを書くと処理対象になります）
📥 無人本査定 2026-06-03  1件 → 🟢1
🟢 岩手県盛岡市高松2丁目 利14.1%/土地値64.8%
本査定対象URLなし（GASがO列にlisting URLを書くと処理対象になります）
📥 無人本査定 2026-06-03  1件 → 🟢1
🟢 岩手県盛岡市高松2丁目 利14.1%/土地値64.8%
本査定対象URLなし（GASがO列にlisting URLを書くと処理対象になります）
受け箱に新規PDFなし
本査定対象URLなし（GASがO列にlisting URLを書くと処理対象になります）
受け箱に新規PDFなし
📥 無人本査定 2026-06-05  9件 → 🟢0
🔴 千葉県柏市増尾1-12-36
        
            
            地図 利6.5%/土地値19.8%
🔴 千葉県柏市増尾1-12-36
        
            
            地図 利6.5%/土地値19.8%
🔴 千葉県柏市増尾1-12-36
        
            
            地図 利6.5%/土地値19.8%
🟡 千葉県船橋市前原東5-50-8
        
            
            地図 利6.4%/土地値33.6%
🔴 千葉県船橋市前原西8
        
            
            地図 利6.3%/土地値24.5%
🔴 千葉県船橋市前原西8
        
            
            地図 利6.3%/土地値24.5%
🔴 千葉県船橋市前原西1丁目 利6.0%/土地値22.6%
🔴 千葉県船橋市西船2丁目 利5.5%/土地値41.9%
🔴 千葉県柏市根戸 利4.1%/土地値147861.7%
受け箱に新規PDFなし
📥 無人本査定 2026-06-06  2件 → 🟢0
🟡 千葉県船橋市前原東5-50-8
        
            
            地図 利6.4%/土地値33.6%
🔴 千葉県柏市根戸 利4.1%/土地値147861.7%
受け箱に新規PDFなし
📥 無人本査定 2026-06-07  1件 → 🟢0
🔴 千葉県柏市旭町4丁目 利5.8%/土地値34.0%
受け箱に新規PDFなし
📥 無人本査定 2026-06-08  1件 → 🟢0
🔴 千葉県船橋市前原西8-8-5
        
            
            地図 利5.7%/土地値22.5%
受け箱に新規PDFなし
本査定対象URLなし（GASがO列にlisting URLを書くと処理対象になります）
受け箱に新規PDFなし
本査定対象URLなし（GASがO列にlisting URLを書くと処理対象になります）
受け箱に新規PDFなし
本査定対象URLなし（GASがO列にlisting URLを書くと処理対象になります）
受け箱に新規PDFなし
本査定対象URLなし（GASがO列にlisting URLを書くと処理対象になります）
受け箱に新規PDFなし
本査定対象URLなし（GASがO列にlisting URLを書くと処理対象になります）
受け箱に新規PDFなし
本査定対象URLなし（GASがO列にlisting URLを書くと処理対象になります）
受け箱に新規PDFなし
本査定対象URLなし（GASがO列にlisting URLを書くと処理対象になります）
受け箱に新規PDFなし
本査定対象URLなし（GASがO列にlisting URLを書くと処理対象になります）
受け箱に新規PDFなし
本査定対象URLなし（GASがO列にlisting URLを書くと処理対象になります）
受け箱に新規PDFなし
本査定対象URLなし（GASがO列にlisting URLを書くと処理対象になります）
受け箱に新規PDFなし
本査定対象URLなし（GASがO列にlisting URLを書くと処理対象になります）
受け箱に新規PDFなし
本査定対象URLなし（GASがO列にlisting URLを書くと処理対象になります）
受け箱に新規PDFなし
本査定対象URLなし（GASがO列にlisting URLを書くと処理対象になります）
受け箱に新規PDFなし
本査定対象URLなし（GASがO列にlisting URLを書くと処理対象になります）
受け箱に新規PDFなし
本査定対象URLなし（GASがO列にlisting URLを書くと処理対象になります）
受け箱なし: /Users/kikuchikenta/Library/CloudStorage/GoogleDrive-ec-seller@kikuchi-hd.net/マイドライブ/_査定受け箱
本査定対象URLなし（GASがO列にlisting URLを書くと処理対象になります）
受け箱なし: /Users/kikuchikenta/Library/CloudStorage/GoogleDrive-ec-seller@kikuchi-hd.net/マイドライブ/_査定受け箱
本査定対象URLなし（GASがO列にlisting URLを書くと処理対象になります）
受け箱なし: /Users/kikuchikenta/Library/CloudStorage/GoogleDrive-ec-seller@kikuchi-hd.net/マイドライブ/_査定受け箱
